2013-Nov-13 12:48:01 INFO    Walnut: Using the file "/local/home/math/repos/ow-modules/FiberClusteringToolbox/src/fiberColoring/openwalnut.log" for logging.
2013-Nov-13 12:48:01 INFO    Walnut: Version: 1.3.1+hg6788
2013-Nov-13 12:48:01 DEBUG   OpenWalnut: OpenWalnut binary path: "/local/home/math/repos/ow/build/release/bin"
2013-Nov-13 12:48:01 INFO    GUI: Bringing up GUI
2013-Nov-13 12:48:01 INFO    GE: Initializing Graphics Engine
2013-Nov-13 12:48:01 INFO    GE: Initializing OpenSceneGraph Root Node
2013-Nov-13 12:48:01 INFO    Kernel: Initializing Kernel
2013-Nov-13 12:48:01 DEBUG   Kernel: Version: 1.3.1+hg6788
2013-Nov-13 12:48:01 INFO    Data Handler: Initializing Data Handler
2013-Nov-13 12:48:01 DEBUG   Data Handler: Adding subject with ID "0" and Name "UNKNOWN,  ".
2013-Nov-13 12:48:01 DEBUG   ModuleContainer (KernelRootContainer): Constructing module container.
2013-Nov-13 12:48:01 INFO    ModuleFactory: Loading Modules
2013-Nov-13 12:48:01 INFO    Module Loader: Searching modules in "/local/home/math/repos/ow/build/release/bin/../lib/openwalnut".
2013-Nov-13 12:48:02 DEBUG   Module Loader: Loaded 1 modules from libHARDIToSphericalHarmonics.so.1.3.1
2013-Nov-13 12:48:02 DEBUG   Module Loader: Loaded 1 modules from libdatasetManipulator.so.1.3.1
2013-Nov-13 12:48:02 DEBUG   ModuleContainer (Distance Map Isosurface): Constructing module container.
2013-Nov-13 12:48:02 DEBUG   Module Loader: Loaded 1 modules from libdistanceMapIsosurface.so.1.3.1
2013-Nov-13 12:48:02 DEBUG   Module Loader: Loaded 1 modules from libclusterDisplayVoxels.so.1.3.1
2013-Nov-13 12:48:02 DEBUG   Module Loader: Loaded 1 modules from libwebglSupport.so.1.3.1
2013-Nov-13 12:48:02 DEBUG   Module Loader: Loaded 1 modules from libreadRawData.so.1.3.1
2013-Nov-13 12:48:02 DEBUG   Module Loader: Loaded 1 modules from libgridRenderer.so.1.3.1
2013-Nov-13 12:48:02 DEBUG   Module Loader: Loaded 1 modules from libfiberDisplay.so.1.3.1
2013-Nov-13 12:48:02 DEBUG   Module Loader: Loaded 1 modules from libcalculateTensors.so.1.3.1
2013-Nov-13 12:48:02 DEBUG   Module Loader: Loaded 1 modules from libpaintTexture.so.1.3.1
2013-Nov-13 12:48:02 DEBUG   Module Loader: Loaded 1 modules from libhistogramView.so.1.3.1
2013-Nov-13 12:48:02 DEBUG   Module Loader: Loaded 1 modules from libimageExtractor.so.1.3.1
2013-Nov-13 12:48:02 DEBUG   Module Loader: Loaded 1 modules from libvectorScale.so.1.3.1
2013-Nov-13 12:48:02 DEBUG   Module Loader: Loaded 1 modules from libtemplate.so.1.3.1
2013-Nov-13 12:48:02 DEBUG   Module Loader: Loaded 1 modules from libcolormapper.so.1.3.1
2013-Nov-13 12:48:02 DEBUG   Module Loader: Loaded 1 modules from libcoordinateHUD.so.1.3.1
2013-Nov-13 12:48:02 DEBUG   Module Loader: Loaded 1 modules from libspatialDerivative.so.1.3.1
2013-Nov-13 12:48:02 DEBUG   Module Loader: Loaded 1 modules from libdeterministicFTMori.so.1.3.1
2013-Nov-13 12:48:02 DEBUG   Module Loader: Loaded 1 modules from libreadVIM.so.1.3.1
2013-Nov-13 12:48:02 DEBUG   Module Loader: Loaded 1 modules from libvectorPlot.so.1.3.1
2013-Nov-13 12:48:02 DEBUG   Module Loader: Loaded 1 modules from libwriteAmiraMesh.so.1.3.1
2013-Nov-13 12:48:02 DEBUG   Module Loader: Loaded 1 modules from libvectorNormalize.so.1.3.1
2013-Nov-13 12:48:02 DEBUG   Module Loader: Loaded 1 modules from libtriangleMeshRenderer.so.1.3.1
2013-Nov-13 12:48:02 DEBUG   Module Loader: Loaded 1 modules from libmeshToPoints.so.1.3.1
2013-Nov-13 12:48:02 DEBUG   Module Loader: Loaded 1 modules from libdataTypeConversion.so.1.3.1
2013-Nov-13 12:48:02 DEBUG   Module Loader: Loaded 1 modules from libisosurfaceRaytracer.so.1.3.1
2013-Nov-13 12:48:02 DEBUG   Module Loader: Loaded 1 modules from libisosurface.so.1.3.1
2013-Nov-13 12:48:02 DEBUG   Module Loader: Loaded 1 modules from libapplyMask.so.1.3.1
2013-Nov-13 12:48:02 DEBUG   Module Loader: Loaded 1 modules from libwriteRawData.so.1.3.1
2013-Nov-13 12:48:02 DEBUG   Module Loader: Loaded 1 modules from libsplineSurface.so.1.3.1
2013-Nov-13 12:48:02 DEBUG   Module Loader: Loaded 1 modules from libimageSpaceLIC.so.1.3.1
2013-Nov-13 12:48:02 DEBUG   Module Loader: Loaded 1 modules from libfiberFilterROI.so.1.3.1
2013-Nov-13 12:48:02 DEBUG   Module Loader: Loaded 1 modules from libscalarSegmentation.so.1.3.1
2013-Nov-13 12:48:02 DEBUG   Module Loader: Loaded 3 modules from libdataCreator.so.1.3.1
2013-Nov-13 12:48:02 DEBUG   Module Loader: Loaded 1 modules from libfiberResampling.so.1.3.1
2013-Nov-13 12:48:02 DEBUG   Module Loader: Loaded 1 modules from libwriteTracts.so.1.3.1
2013-Nov-13 12:48:02 DEBUG   Module Loader: Loaded 1 modules from libsuperquadricGlyphs.so.1.3.1
2013-Nov-13 12:48:02 DEBUG   Module Loader: Loaded 1 modules from libcoordinateSystem.so.1.3.1
2013-Nov-13 12:48:02 DEBUG   Module Loader: Loaded 1 modules from libsurfaceParameterAnimator.so.1.3.1
2013-Nov-13 12:48:02 DEBUG   ModuleContainer (Effective Connectivity Cluster): Constructing module container.
2013-Nov-13 12:48:02 DEBUG   Module Loader: Loaded 1 modules from libeffectiveConnectivityCluster.so.1.3.1
2013-Nov-13 12:48:02 DEBUG   Module Loader: Loaded 1 modules from libreadMesh.so.1.3.1
2013-Nov-13 12:48:02 DEBUG   Module Loader: Loaded 1 modules from libeegView.so.1.3.1
2013-Nov-13 12:48:02 DEBUG   Module Loader: Loaded 1 modules from libreadDipoles.so.1.3.1
2013-Nov-13 12:48:02 DEBUG   Module Loader: Loaded 1 modules from libfiberTransform.so.1.3.1
2013-Nov-13 12:48:02 DEBUG   Module Loader: Loaded 1 modules from libcalculateGFA.so.1.3.1
2013-Nov-13 12:48:02 DEBUG   Module Loader: Loaded 1 modules from libanisotropicFiltering.so.1.3.1
2013-Nov-13 12:48:02 DEBUG   Module Loader: Loaded 1 modules from libmergeComponentsToVector.so.1.3.1
2013-Nov-13 12:48:02 DEBUG   Module Loader: Loaded 1 modules from libpointRenderer.so.1.3.1
2013-Nov-13 12:48:02 DEBUG   Module Loader: Loaded 1 modules from libwriteDendrogram.so.1.3.1
2013-Nov-13 12:48:02 DEBUG   Module Loader: Loaded 1 modules from libbutterfly.so.1.3.1
2013-Nov-13 12:48:02 DEBUG   Module Loader: Loaded 1 modules from libfibersToPoints.so.1.3.1
2013-Nov-13 12:48:02 DEBUG   Module Loader: Loaded 1 modules from libdistanceMap.so.1.3.1
2013-Nov-13 12:48:02 DEBUG   Module Loader: Loaded 1 modules from libeigenSystem.so.1.3.1
2013-Nov-13 12:48:02 DEBUG   Module Loader: Loaded 1 modules from libfunctionalMRIViewer.so.1.3.1
2013-Nov-13 12:48:02 DEBUG   Module Loader: Loaded 1 modules from libfiberSelection.so.1.3.1
2013-Nov-13 12:48:02 DEBUG   Module Loader: Loaded 1 modules from libmergePoints.so.1.3.1
2013-Nov-13 12:48:02 DEBUG   Module Loader: Loaded 1 modules from libwriteMesh.so.1.3.1
2013-Nov-13 12:48:02 DEBUG   Module Loader: Loaded 1 modules from libsurfaceIllustrator.so.1.3.1
2013-Nov-13 12:48:02 DEBUG   Module Loader: Loaded 1 modules from libgaussFiltering.so.1.3.1
2013-Nov-13 12:48:02 DEBUG   Module Loader: Loaded 1 modules from libfiberTranslator.so.1.3.1
2013-Nov-13 12:48:02 DEBUG   Module Loader: Loaded 1 modules from libclusterDisplay.so.1.3.1
2013-Nov-13 12:48:02 DEBUG   ModuleContainer (Unnamed Module Container): Constructing module container.
2013-Nov-13 12:48:02 DEBUG   Module Loader: Loaded 1 modules from libprobTractDisplay.so.1.3.1
2013-Nov-13 12:48:02 DEBUG   Module Loader: Loaded 1 modules from libsampleOnFibers.so.1.3.1
2013-Nov-13 12:48:02 DEBUG   Module Loader: Loaded 3 modules from libdata.so.1.3.1
2013-Nov-13 12:48:02 DEBUG   Module Loader: Loaded 1 modules from libvoxelizer.so.1.3.1
2013-Nov-13 12:48:02 DEBUG   Module Loader: Loaded 1 modules from libwriteTransferFunction.so.1.3.1
2013-Nov-13 12:48:02 DEBUG   Module Loader: Loaded 1 modules from libscalarOperator.so.1.3.1
2013-Nov-13 12:48:02 DEBUG   Module Loader: Loaded 1 modules from libvectorAlign.so.1.3.1
2013-Nov-13 12:48:02 DEBUG   Module Loader: Loaded 1 modules from libdatasetProfile.so.1.3.1
2013-Nov-13 12:48:02 DEBUG   Module Loader: Loaded 1 modules from libsliceContext.so.1.3.1
2013-Nov-13 12:48:02 DEBUG   Module Loader: Loaded 1 modules from libatlasCreator.so.1.3.1
2013-Nov-13 12:48:02 DEBUG   Module Loader: Loaded 1 modules from libvectorOperator.so.1.3.1
2013-Nov-13 12:48:02 DEBUG   Module Loader: Loaded 1 modules from libdirectVolumeRendering.so.1.3.1
2013-Nov-13 12:48:02 DEBUG   Module Loader: Loaded 1 modules from libarbitraryROIs.so.1.3.1
2013-Nov-13 12:48:02 DEBUG   Module Loader: Loaded 1 modules from libnavigationSlices.so.1.3.1
2013-Nov-13 12:48:02 DEBUG   Module Loader: Loaded 1 modules from libtransferFunctionColorBar.so.1.3.1
2013-Nov-13 12:48:02 DEBUG   Module Loader: Loaded 1 modules from libhistogramEqualization.so.1.3.1
2013-Nov-13 12:48:02 DEBUG   Module Loader: Loaded 1 modules from libarbitraryPlane.so.1.3.1
2013-Nov-13 12:48:02 DEBUG   Module Loader: Loaded 1 modules from libfiberParameterColoring.so.1.3.1
2013-Nov-13 12:48:02 DEBUG   Module Loader: Loaded 1 modules from libtransferFunction1D.so.1.3.1
2013-Nov-13 12:48:02 DEBUG   Module Loader: Loaded 1 modules from libreadAmiraMesh.so.1.3.1
2013-Nov-13 12:48:02 INFO    Module Loader: Searching modules in "/u/math/.OpenWalnut/modules".
2013-Nov-13 12:48:02 WARNING Module Loader: Searching modules in "/u/math/.OpenWalnut/modules" failed. It is not a directory or does not exist. Ignoring.
2013-Nov-13 12:48:02 INFO    Module Loader: Searching modules in "/u/math/repos/ow-modules/FiberStippleToolbox/build/release/lib".
2013-Nov-13 12:48:02 DEBUG   Module Loader: Loaded 3 modules from libFiberStippleToolbox.so.0.1.0
2013-Nov-13 12:48:02 INFO    Module Loader: Searching modules in "/u/math/repos/ow-modules/FiberClusteringToolbox/build/release/lib".
2013-Nov-13 12:48:02 DEBUG   ModuleContainer (Cluster Param Display): Constructing module container.
2013-Nov-13 12:48:02 DEBUG   Module Loader: Loaded 12 modules from libClusteringToolbox.so.0.1.0
2013-Nov-13 12:48:02 INFO    Module Loader: Searching modules in "/u/math/repos/ow-probtracking/build/lib".
2013-Nov-13 12:48:02 DEBUG   Module Loader: Loaded 1 modules from libProbabilisticTracking.so.0.1.0
2013-Nov-13 12:48:02 DEBUG   ModuleFactory: Initializing module prototype: "Spherical Harmonic Calculator"
2013-Nov-13 12:48:02 DEBUG   ModuleFactory: Initializing module prototype: "Dataset Manipulator"
2013-Nov-13 12:48:02 DEBUG   ModuleFactory: Initializing module prototype: "Distance Map Isosurface"
2013-Nov-13 12:48:02 DEBUG   ModuleFactory: Initializing module prototype: "ClusterDisplayVoxels"
2013-Nov-13 12:48:02 DEBUG   ModuleFactory: Initializing module prototype: "WebGL Support"
2013-Nov-13 12:48:02 DEBUG   ModuleFactory: Initializing module prototype: "Read Raw Data"
2013-Nov-13 12:48:02 DEBUG   ModuleFactory: Initializing module prototype: "Grid Renderer"
2013-Nov-13 12:48:02 DEBUG   ModuleFactory: Initializing module prototype: "Fiber Display"
2013-Nov-13 12:48:02 DEBUG   ModuleFactory: Initializing module prototype: "Calculate Tensors"
2013-Nov-13 12:48:02 DEBUG   ModuleFactory: Initializing module prototype: "Paint Texture"
2013-Nov-13 12:48:02 DEBUG   ModuleFactory: Initializing module prototype: "HistogramView"
2013-Nov-13 12:48:02 DEBUG   ModuleFactory: Initializing module prototype: "Image Extractor"
2013-Nov-13 12:48:02 DEBUG   ModuleFactory: Initializing module prototype: "Vector Scaling"
2013-Nov-13 12:48:02 DEBUG   ModuleFactory: Initializing module prototype: "Template"
2013-Nov-13 12:48:02 DEBUG   ModuleFactory: Initializing module prototype: "Colormapper"
2013-Nov-13 12:48:02 DEBUG   ModuleFactory: Initializing module prototype: "Coordinate HUD"
2013-Nov-13 12:48:02 DEBUG   ModuleFactory: Initializing module prototype: "Spatial Derivative"
2013-Nov-13 12:48:02 DEBUG   ModuleFactory: Initializing module prototype: "Mori Det. Tracking"
2013-Nov-13 12:48:02 DEBUG   ModuleFactory: Initializing module prototype: "Read VIM"
2013-Nov-13 12:48:02 DEBUG   ModuleFactory: Initializing module prototype: "Vector Plot"
2013-Nov-13 12:48:02 DEBUG   ModuleFactory: Initializing module prototype: "Write Amira Mesh"
2013-Nov-13 12:48:02 DEBUG   ModuleFactory: Initializing module prototype: "Vector Normalize"
2013-Nov-13 12:48:02 DEBUG   ModuleFactory: Initializing module prototype: "Triangle Mesh Renderer"
2013-Nov-13 12:48:02 DEBUG   ModuleFactory: Initializing module prototype: "Mesh To Points"
2013-Nov-13 12:48:02 DEBUG   ModuleFactory: Initializing module prototype: "Data Type Conversion"
2013-Nov-13 12:48:02 DEBUG   ModuleFactory: Initializing module prototype: "Isosurface Raytracer"
2013-Nov-13 12:48:02 DEBUG   ModuleFactory: Initializing module prototype: "Isosurface"
2013-Nov-13 12:48:02 DEBUG   ModuleFactory: Initializing module prototype: "Apply Mask"
2013-Nov-13 12:48:02 DEBUG   ModuleFactory: Initializing module prototype: "Write Raw Data"
2013-Nov-13 12:48:02 DEBUG   ModuleFactory: Initializing module prototype: "Spline Surface"
2013-Nov-13 12:48:02 DEBUG   ModuleFactory: Initializing module prototype: "Image Space LIC"
2013-Nov-13 12:48:02 DEBUG   ModuleFactory: Initializing module prototype: "Fiber Filter ROI"
2013-Nov-13 12:48:02 DEBUG   ModuleFactory: Initializing module prototype: "Scalar Segmentation"
2013-Nov-13 12:48:02 DEBUG   ModuleFactory: Initializing module prototype: "Scalar Data Creator"
2013-Nov-13 12:48:02 DEBUG   ModuleFactory: Initializing module prototype: "Vector Data Creator"
2013-Nov-13 12:48:02 DEBUG   ModuleFactory: Initializing module prototype: "Fiber Data Creator"
2013-Nov-13 12:48:02 DEBUG   ModuleFactory: Initializing module prototype: "Fiber Re-Sampling"
2013-Nov-13 12:48:02 DEBUG   ModuleFactory: Initializing module prototype: "Write Tracts"
2013-Nov-13 12:48:02 DEBUG   ModuleFactory: Initializing module prototype: "Superquadric Glyphs"
2013-Nov-13 12:48:02 DEBUG   ModuleFactory: Initializing module prototype: "Coordinate System"
2013-Nov-13 12:48:02 DEBUG   ModuleFactory: Initializing module prototype: "Surface Parameter Animator"
2013-Nov-13 12:48:02 DEBUG   ModuleFactory: Initializing module prototype: "Effective Connectivity Cluster"
2013-Nov-13 12:48:02 DEBUG   ModuleFactory: Initializing module prototype: "Read Mesh"
2013-Nov-13 12:48:02 DEBUG   ModuleFactory: Initializing module prototype: "EEG View"
2013-Nov-13 12:48:02 DEBUG   ModuleFactory: Initializing module prototype: "Read Dipoles"
2013-Nov-13 12:48:02 DEBUG   ModuleFactory: Initializing module prototype: "Fiber Transform"
2013-Nov-13 12:48:02 DEBUG   ModuleFactory: Initializing module prototype: "Calculate GFA"
2013-Nov-13 12:48:02 DEBUG   ModuleFactory: Initializing module prototype: "Anisotropic Filter"
2013-Nov-13 12:48:02 DEBUG   ModuleFactory: Initializing module prototype: "Merge Components To Vector"
2013-Nov-13 12:48:02 DEBUG   ModuleFactory: Initializing module prototype: "Point Renderer"
2013-Nov-13 12:48:02 DEBUG   ModuleFactory: Initializing module prototype: "Write Dendrogram"
2013-Nov-13 12:48:02 DEBUG   ModuleFactory: Initializing module prototype: "Butterfly subdivision"
2013-Nov-13 12:48:02 DEBUG   ModuleFactory: Initializing module prototype: "Fibers To Points"
2013-Nov-13 12:48:02 DEBUG   ModuleFactory: Initializing module prototype: "Distance Map"
2013-Nov-13 12:48:02 DEBUG   ModuleFactory: Initializing module prototype: "Eigen System"
2013-Nov-13 12:48:02 DEBUG   ModuleFactory: Initializing module prototype: "Functional MRI Viewer"
2013-Nov-13 12:48:02 DEBUG   ModuleFactory: Initializing module prototype: "Fiber Selection"
2013-Nov-13 12:48:02 DEBUG   ModuleFactory: Initializing module prototype: "Merge Points"
2013-Nov-13 12:48:02 DEBUG   ModuleFactory: Initializing module prototype: "Write Mesh"
2013-Nov-13 12:48:02 DEBUG   ModuleFactory: Initializing module prototype: "Surface Illustrator"
2013-Nov-13 12:48:02 DEBUG   ModuleFactory: Initializing module prototype: "Gauss Filtering"
2013-Nov-13 12:48:02 DEBUG   ModuleFactory: Initializing module prototype: "Fiber translator"
2013-Nov-13 12:48:02 DEBUG   ModuleFactory: Initializing module prototype: "Cluster Display"
2013-Nov-13 12:48:02 DEBUG   ModuleFactory: Initializing module prototype: "Probabilistic Tract Rendering with multi transparent iso surfaces."
2013-Nov-13 12:48:02 DEBUG   ModuleFactory: Initializing module prototype: "Sample On Fibers"
2013-Nov-13 12:48:02 DEBUG   ModuleFactory: Initializing module prototype: "Data Module"
2013-Nov-13 12:48:02 DEBUG   ModuleFactory: Initializing module prototype: "Read Spherical Harmonics"
2013-Nov-13 12:48:02 DEBUG   ModuleFactory: Initializing module prototype: "Write NIfTI"
2013-Nov-13 12:48:02 DEBUG   ModuleFactory: Initializing module prototype: "Voxelizer"
2013-Nov-13 12:48:02 DEBUG   ModuleFactory: Initializing module prototype: "Write Transfer Function"
2013-Nov-13 12:48:02 DEBUG   ModuleFactory: Initializing module prototype: "Scalar Operator"
2013-Nov-13 12:48:02 DEBUG   ModuleFactory: Initializing module prototype: "Vector Align"
2013-Nov-13 12:48:02 DEBUG   ModuleFactory: Initializing module prototype: "Dataset Profile"
2013-Nov-13 12:48:02 DEBUG   ModuleFactory: Initializing module prototype: "Slice Context"
2013-Nov-13 12:48:02 DEBUG   ModuleFactory: Initializing module prototype: "Atlas Creator"
2013-Nov-13 12:48:02 DEBUG   ModuleFactory: Initializing module prototype: "Vector Operator"
2013-Nov-13 12:48:02 DEBUG   ModuleFactory: Initializing module prototype: "Direct Volume Rendering"
2013-Nov-13 12:48:02 DEBUG   ModuleFactory: Initializing module prototype: "Arbitrary ROIs"
2013-Nov-13 12:48:02 DEBUG   ModuleFactory: Initializing module prototype: "Navigation Slices"
2013-Nov-13 12:48:02 DEBUG   ModuleFactory: Initializing module prototype: "Transfer Function Color Bar"
2013-Nov-13 12:48:02 DEBUG   ModuleFactory: Initializing module prototype: "Histogram Equalization"
2013-Nov-13 12:48:02 DEBUG   ModuleFactory: Initializing module prototype: "Arbitrary Plane"
2013-Nov-13 12:48:02 DEBUG   ModuleFactory: Initializing module prototype: "Fiber Parameter Coloring"
2013-Nov-13 12:48:02 DEBUG   ModuleFactory: Initializing module prototype: "Transfer Function 1D"
2013-Nov-13 12:48:02 DEBUG   ModuleFactory: Initializing module prototype: "Read Amira Mesh"
2013-Nov-13 12:48:02 DEBUG   ModuleFactory: Initializing module prototype: "Isoline"
2013-Nov-13 12:48:02 DEBUG   ModuleFactory: Initializing module prototype: "Fiber Stipples"
2013-Nov-13 12:48:02 DEBUG   ModuleFactory: Initializing module prototype: "Axis Aligned Planes"
2013-Nov-13 12:48:02 DEBUG   ModuleFactory: Initializing module prototype: "Cluster Param Display"
2013-Nov-13 12:48:02 DEBUG   ModuleFactory: Initializing module prototype: "Cluster Slicer"
2013-Nov-13 12:48:02 DEBUG   ModuleFactory: Initializing module prototype: "Deterministic Tract to Gaussian Process Converter"
2013-Nov-13 12:48:02 DEBUG   ModuleFactory: Initializing module prototype: "Deterministic Tract Clustering"
2013-Nov-13 12:48:02 DEBUG   ModuleFactory: Initializing module prototype: "Deterministic Tract Clustering using Gaussian Proccesses"
2013-Nov-13 12:48:02 DEBUG   ModuleFactory: Initializing module prototype: "Deterministic Tract Culling"
2013-Nov-13 12:48:02 DEBUG   ModuleFactory: Initializing module prototype: "Direction Histogram"
2013-Nov-13 12:48:02 DEBUG   ModuleFactory: Initializing module prototype: "Edge Bundling"
2013-Nov-13 12:48:02 DEBUG   ModuleFactory: Initializing module prototype: "Fiber Coloring"
2013-Nov-13 12:48:02 ERROR   Module (Fiber Coloring): Meta file loaded but no entry for module "Fiber Coloring" found. Ignoring.
2013-Nov-13 12:48:02 DEBUG   ModuleFactory: Initializing module prototype: "Gaussian Process Viewer"
2013-Nov-13 12:48:02 DEBUG   ModuleFactory: Initializing module prototype: "Load clusters"
2013-Nov-13 12:48:02 DEBUG   ModuleFactory: Initializing module prototype: "Write clusters"
2013-Nov-13 12:48:02 DEBUG   ModuleFactory: Initializing module prototype: "Probabilistic Tracking"
2013-Nov-13 12:48:02 INFO    ModuleFactory: Loading Modules Done
2013-Nov-13 12:48:02 INFO    Kernel: Starting Kernel
2013-Nov-13 12:48:02 INFO    WMainWindow: Setting up GUI
2013-Nov-13 12:48:02 DEBUG   WQtGLScreenCapture: Deactivating animation mode.
2013-Nov-13 12:48:02 DEBUG   WQtGLScreenCapture: Deactivating animation mode.
2013-Nov-13 12:48:02 INFO    GE: Initializing OpenSceneGraph Root Node
2013-Nov-13 12:48:02 DEBUG   WQtGLWidget(Axial View): Switched to OSG manipulator "WGENoOp".
2013-Nov-13 12:48:02 DEBUG   WQtGLScreenCapture: Deactivating animation mode.
2013-Nov-13 12:48:02 INFO    GE: Initializing OpenSceneGraph Root Node
2013-Nov-13 12:48:02 DEBUG   WQtGLWidget(Coronal View): Switched to OSG manipulator "WGENoOp".
2013-Nov-13 12:48:02 DEBUG   WQtGLScreenCapture: Deactivating animation mode.
2013-Nov-13 12:48:02 INFO    GE: Initializing OpenSceneGraph Root Node
2013-Nov-13 12:48:02 DEBUG   WQtGLWidget(Sagittal View): Switched to OSG manipulator "WGENoOp".
2013-Nov-13 12:48:02 INFO    MainWindow: Restoring window state.
2013-Nov-13 12:48:03 INFO    GE: Starting Graphics Engine
2013-Nov-13 12:48:03 INFO    Kernel: Initializing extensions.
2013-Nov-13 12:48:03 INFO    Kernel: Initialization completed.
2013-Nov-13 12:48:03 DEBUG   OpenWalnut: Deferred loading of data and project files.
2013-Nov-13 12:48:03 INFO    Project File: Loading project file "/u/math/projects/fibColoring.owp".
2013-Nov-13 12:48:03 DEBUG   Project Loader [Parser]: Line 5: Data "/u/math/MPI-CBS/mr188/mr188_fibers.fib" with ID 0
2013-Nov-13 12:48:03 DEBUG   ModuleFactory: Creating new instance of prototype "Data Module".
2013-Nov-13 12:48:03 DEBUG   Project Loader [Parser]: Line 7: Property "Name" of module 0 set to mr188_fibers.fib
2013-Nov-13 12:48:03 DEBUG   Project Loader [Parser]: Line 8: Property "active" of module 0 set to 1
2013-Nov-13 12:48:03 DEBUG   Project Loader [Parser]: Line 9: Property "Transformation matrix" of module 0 set to 0
2013-Nov-13 12:48:03 DEBUG   Project Loader [Parser]: Line 11: Property "Data-Set Properties/Color Scheme" of module 0 set to 0
2013-Nov-13 12:48:03 DEBUG   Project Loader [Parser]: Line 15: Module "Fiber Coloring" with ID 1
2013-Nov-13 12:48:03 DEBUG   ModuleFactory: Creating new instance of prototype "Fiber Coloring".
2013-Nov-13 12:48:03 ERROR   Module (Fiber Coloring): Meta file loaded but no entry for module "Fiber Coloring" found. Ignoring.
2013-Nov-13 12:48:03 DEBUG   Project Loader [Parser]: Line 17: Property "Name" of module 1 set to Fiber Coloring
2013-Nov-13 12:48:03 DEBUG   Project Loader [Parser]: Line 18: Property "active" of module 1 set to 1
2013-Nov-13 12:48:03 DEBUG   Project Loader [Parser]: Line 20: Property "Fiber Coloring Algorithms/FiberColor" of module 1 set to 0
2013-Nov-13 12:48:03 DEBUG   Project Loader [Parser]: Line 22: Property "Fiber Coloring Algorithms/Similarity Coloring/Filename" of module 1 set to "/local/home/math/repos/ow/build/release/bin"
2013-Nov-13 12:48:03 DEBUG   Project Loader [Parser]: Line 23: Property "Fiber Coloring Algorithms/Similarity Coloring/Read fiber Positions" of module 1 set to PV_TRIGGER_READY
2013-Nov-13 12:48:03 DEBUG   Project Loader [Parser]: Line 24: Property "Fiber Coloring Algorithms/Similarity Coloring/R1" of module 1 set to 45
2013-Nov-13 12:48:03 DEBUG   Project Loader [Parser]: Line 25: Property "Fiber Coloring Algorithms/Similarity Coloring/R2" of module 1 set to 25
2013-Nov-13 12:48:03 DEBUG   Project Loader [Parser]: Line 26: Property "Fiber Coloring Algorithms/Similarity Coloring/L0" of module 1 set to 70
2013-Nov-13 12:48:03 DEBUG   Project Loader [Parser]: Line 27: Property "Fiber Coloring Algorithms/Similarity Coloring/a0" of module 1 set to 10
2013-Nov-13 12:48:03 DEBUG   Project Loader [Parser]: Line 28: Property "Fiber Coloring Algorithms/Similarity Coloring/b0" of module 1 set to 25
2013-Nov-13 12:48:03 DEBUG   Project Loader [Parser]: Line 37: Connection between "out" of module 0 and "fibers" of module 1.
2013-Nov-13 12:48:03 DEBUG   Project Loader [Parser]: Line 48: Camera "Main View" with ID 0
2013-Nov-13 12:48:03 DEBUG   Project Loader [Parser]: Line 50: Camera Manipulator Matrix with ID 0
2013-Nov-13 12:48:03 DEBUG   Project Loader [Parser]: Line 51: Camera Manipulator Home Eye Point with ID 0
2013-Nov-13 12:48:03 DEBUG   Project Loader [Parser]: Line 52: Camera Manipulator Home Center Point with ID 0
2013-Nov-13 12:48:03 DEBUG   Project Loader [Parser]: Line 53: Camera Manipulator Home Up Point with ID 0
2013-Nov-13 12:48:03 INFO    ModuleContainer (KernelRootContainer): Adding module "Data Module" to container.
2013-Nov-13 12:48:03 INFO    ModuleContainer (KernelRootContainer): Associated module "Data Module" with container.
2013-Nov-13 12:48:03 INFO    ModuleContainer (KernelRootContainer): Adding module "Fiber Coloring" to container.
2013-Nov-13 12:48:03 INFO    ModuleContainer (KernelRootContainer): Associated module "Fiber Coloring" with container.
2013-Nov-13 12:48:03 INFO    Module (Data Module): Starting module main method.
2013-Nov-13 12:48:03 DEBUG   Data Module: Loading data from "/u/math/MPI-CBS/mr188/mr188_fibers.fib".
2013-Nov-13 12:48:03 INFO    Module (Fiber Coloring): Starting module main method.
2013-Nov-13 12:48:03 INFO    Fiber Coloring: Waiting ...
2013-Nov-13 12:48:03 DEBUG   NetworkEditor: Inserting "Data Module".
2013-Nov-13 12:48:03 DEBUG   ControlPanel: Inserting module Data Module to control panel.
2013-Nov-13 12:48:03 DEBUG   NetworkEditor: Inserting "Fiber Coloring".
2013-Nov-13 12:48:03 DEBUG   ControlPanel: Inserting module Fiber Coloring to control panel.
2013-Nov-13 12:48:03 DEBUG   NetworkEditor: Activating "Fiber Coloring".
2013-Nov-13 12:48:03 DEBUG   ControlPanel: Activating module "Fiber Coloring".
2013-Nov-13 12:48:03 DEBUG   Data Module: Loading data done.
2013-Nov-13 12:48:03 INFO    ModuleContainer (KernelRootContainer): Connecting Fiber Coloring:fibers with Data Module:out
2013-Nov-13 12:48:03 DEBUG   Fiber Coloring: Start coloring
2013-Nov-13 12:48:03 DEBUG   WSimilarityColoring: No positions available or invalid fiber dataset
2013-Nov-13 12:48:03 DEBUG   Fiber Coloring: Finished coloring
2013-Nov-13 12:48:03 INFO    Fiber Coloring: Waiting ...
2013-Nov-13 12:48:05 DEBUG   NetworkEditor: Activating "Data Module".
2013-Nov-13 12:48:05 DEBUG   ControlPanel: Activating module "Data Module".
2013-Nov-13 12:48:05 DEBUG   ControlPanel: Activating module "Data Module".
2013-Nov-13 12:48:06 DEBUG   NetworkEditor: Connecting "Fiber Coloring" and "Data Module".
2013-Nov-13 12:48:10 DEBUG   ModuleFactory: Creating new instance of prototype "Data Module".
2013-Nov-13 12:48:10 INFO    ModuleContainer (KernelRootContainer): Adding module "Data Module" to container.
2013-Nov-13 12:48:10 INFO    ModuleContainer (KernelRootContainer): Associated module "Data Module" with container.
2013-Nov-13 12:48:10 INFO    Module (Data Module): Starting module main method.
2013-Nov-13 12:48:10 DEBUG   Data Module: Loading data from "/u/math/MPI-CBS/mr188/Tractography/DeterministicTracts/CC.fib".
2013-Nov-13 12:48:10 DEBUG   Data Module: Loading data done.
2013-Nov-13 12:48:10 DEBUG   NetworkEditor: Inserting "Data Module".
2013-Nov-13 12:48:10 DEBUG   ControlPanel: Inserting module Data Module to control panel.
2013-Nov-13 12:48:10 DEBUG   NetworkEditor: Activating "Data Module".
2013-Nov-13 12:48:10 DEBUG   ControlPanel: Activating module "Data Module".
2013-Nov-13 12:48:12 DEBUG   ControlPanel: Activating module "Data Module".
2013-Nov-13 12:48:14 INFO    ModuleContainer (KernelRootContainer): Adding module "Data Module" to container.
2013-Nov-13 12:48:14 INFO    ModuleContainer (KernelRootContainer): Adding module "Data Module" to container not needed. Its already inside.
2013-Nov-13 12:48:14 INFO    ModuleContainer (KernelRootContainer): Adding module "Fiber Coloring" to container.
2013-Nov-13 12:48:14 INFO    ModuleContainer (KernelRootContainer): Adding module "Fiber Coloring" to container not needed. Its already inside.
2013-Nov-13 12:48:14 INFO    ModuleContainer (KernelRootContainer): Disconnecting Data Module:out from Fiber Coloring:fibers
2013-Nov-13 12:48:14 INFO    ModuleContainer (KernelRootContainer): Connecting Data Module:out with Fiber Coloring:fibers
2013-Nov-13 12:48:14 INFO    Fiber Coloring: Waiting ...
2013-Nov-13 12:48:14 DEBUG   Fiber Coloring: Start coloring
2013-Nov-13 12:48:14 DEBUG   WSimilarityColoring: No positions available or invalid fiber dataset
2013-Nov-13 12:48:14 DEBUG   Fiber Coloring: Finished coloring
2013-Nov-13 12:48:14 INFO    Fiber Coloring: Waiting ...
2013-Nov-13 12:48:14 DEBUG   NetworkEditor: Disconnecting "Fiber Coloring:fibers" and "Data Module:out".
2013-Nov-13 12:48:14 DEBUG   NetworkEditor: Connecting "Fiber Coloring" and "Data Module".
2013-Nov-13 12:48:14 DEBUG   ControlPanel: Activating module "Fiber Coloring".
2013-Nov-13 12:48:17 DEBUG   Fiber Coloring: Start coloring
2013-Nov-13 12:48:17 DEBUG   WSimilarityColoring: No positions available or invalid fiber dataset
2013-Nov-13 12:48:17 DEBUG   Fiber Coloring: Finished coloring
2013-Nov-13 12:48:17 INFO    Fiber Coloring: Waiting ...
2013-Nov-13 12:48:19 DEBUG   Fiber Coloring: Start coloring
2013-Nov-13 12:48:19 DEBUG   WSimilarityColoring: No positions available or invalid fiber dataset
2013-Nov-13 12:48:19 DEBUG   Fiber Coloring: Finished coloring
2013-Nov-13 12:48:19 INFO    Fiber Coloring: Waiting ...
2013-Nov-13 12:48:22 DEBUG   Fiber Coloring: Start coloring
2013-Nov-13 12:48:22 DEBUG   WSimilarityColoring: No positions available or invalid fiber dataset
2013-Nov-13 12:48:22 DEBUG   Fiber Coloring: Finished coloring
2013-Nov-13 12:48:22 INFO    Fiber Coloring: Waiting ...
2013-Nov-13 12:48:34 DEBUG   Fiber Coloring: Start coloring
2013-Nov-13 12:48:34 DEBUG   WSimilarityColoring: No positions available or invalid fiber dataset
2013-Nov-13 12:48:34 DEBUG   Fiber Coloring: Finished coloring
2013-Nov-13 12:48:34 INFO    Fiber Coloring: Waiting ...
2013-Nov-13 12:48:35 DEBUG   WSimilarity Coloring: Filename: /u/math/SimilarityMatrixToColor/CC/CC.neato.positions.txt
2013-Nov-13 12:48:35 DEBUG   Fiber Coloring: Start coloring
2013-Nov-13 12:48:36 DEBUG   Fiber Coloring: Finished coloring
2013-Nov-13 12:48:36 INFO    Fiber Coloring: Waiting ...
2013-Nov-13 12:48:36 DEBUG   Fiber Coloring: Start coloring
2013-Nov-13 12:48:36 DEBUG   Fiber Coloring: Finished coloring
2013-Nov-13 12:48:36 INFO    Fiber Coloring: Waiting ...
2013-Nov-13 12:48:37 DEBUG   ControlPanel: Activating module "Data Module".
2013-Nov-13 12:48:40 DEBUG   ModuleFactory: Creating new instance of prototype "Fiber Display".
2013-Nov-13 12:48:40 INFO    ModuleContainer (KernelRootContainer): Adding module "Data Module" to container.
2013-Nov-13 12:48:40 INFO    ModuleContainer (KernelRootContainer): Adding module "Data Module" to container not needed. Its already inside.
2013-Nov-13 12:48:40 INFO    ModuleContainer (KernelRootContainer): Adding module "Fiber Display" to container.
2013-Nov-13 12:48:40 INFO    ModuleContainer (KernelRootContainer): Associated module "Fiber Display" with container.
2013-Nov-13 12:48:40 INFO    Module (Fiber Display): Starting module main method.
2013-Nov-13 12:48:40 INFO    ModuleContainer (KernelRootContainer): Connecting Data Module:out with Fiber Display:fibers
2013-Nov-13 12:48:40 DEBUG   Fiber Display: Waiting ...
2013-Nov-13 12:48:40 DEBUG   Fiber Display: Fibers updated.
2013-Nov-13 12:48:40 DEBUG   KdTree:  Start building KdTree
2013-Nov-13 12:48:40 DEBUG   WGEShader: Reloading vertex shader "WGECullProxyShader-vertex.glsl"
2013-Nov-13 12:48:40 DEBUG   WGEShader: Reloading fragment shader "WGECullProxyShader-fragment.glsl"
2013-Nov-13 12:48:40 DEBUG   WGEShader: Reloading geometry shader "WGECullProxyShader-geometry.glsl"
2013-Nov-13 12:48:40 DEBUG   WGEShader: Reloading vertex shader "WGEPostprocessor-vertex.glsl"
2013-Nov-13 12:48:40 DEBUG   WGEShader: Reloading fragment shader "WGEPostprocessor-fragment.glsl"
2013-Nov-13 12:48:40 DEBUG   KdTree: Start threads
2013-Nov-13 12:48:40 DEBUG   KdTree: All threads started
2013-Nov-13 12:48:40 DEBUG   WGEShader: Reloading geometry shader "WGEPostprocessor-geometry.glsl"
2013-Nov-13 12:48:40 DEBUG   WGEShader: Reloading vertex shader "WGEPostprocessorCombiner-vertex.glsl"
2013-Nov-13 12:48:40 DEBUG   WGEShader: Reloading fragment shader "WGEPostprocessorCombiner-fragment.glsl"
2013-Nov-13 12:48:40 DEBUG   WGEShader: Reloading geometry shader "WGEPostprocessorCombiner-geometry.glsl"
2013-Nov-13 12:48:40 DEBUG   WGEShader: Reloading vertex shader "WGECullProxyShader-vertex.glsl"
2013-Nov-13 12:48:40 DEBUG   WGEShader: Reloading fragment shader "WGECullProxyShader-fragment.glsl"
2013-Nov-13 12:48:40 DEBUG   WGEShader: Reloading geometry shader "WGECullProxyShader-geometry.glsl"
2013-Nov-13 12:48:40 DEBUG   WGEShader: Reloading vertex shader "WGEPostprocessor-vertex.glsl"
2013-Nov-13 12:48:40 DEBUG   WGEShader: Reloading fragment shader "WGEPostprocessor-fragment.glsl"
2013-Nov-13 12:48:40 DEBUG   NetworkEditor: Inserting "Fiber Display".
2013-Nov-13 12:48:40 DEBUG   ControlPanel: Inserting module Fiber Display to control panel.
2013-Nov-13 12:48:40 DEBUG   WGEShader: Reloading geometry shader "WGEPostprocessor-geometry.glsl"
2013-Nov-13 12:48:40 DEBUG   WGEShader: Reloading vertex shader "WGEPostprocessorCombiner-vertex.glsl"
2013-Nov-13 12:48:40 DEBUG   WGEShader: Reloading fragment shader "WGEPostprocessorCombiner-fragment.glsl"
2013-Nov-13 12:48:40 DEBUG   WGEShader: Reloading geometry shader "WGEPostprocessorCombiner-geometry.glsl"
2013-Nov-13 12:48:40 DEBUG   WGEShader: Reloading vertex shader "WGECullProxyShader-vertex.glsl"
2013-Nov-13 12:48:40 DEBUG   WGEShader: Reloading fragment shader "WGECullProxyShader-fragment.glsl"
2013-Nov-13 12:48:40 DEBUG   WGEShader: Reloading geometry shader "WGECullProxyShader-geometry.glsl"
2013-Nov-13 12:48:40 DEBUG   WGEShader: Reloading vertex shader "WGEPostprocessor-vertex.glsl"
2013-Nov-13 12:48:40 DEBUG   WGEShader: Reloading fragment shader "WGEPostprocessor-fragment.glsl"
2013-Nov-13 12:48:40 DEBUG   WGEShader: Reloading geometry shader "WGEPostprocessor-geometry.glsl"
2013-Nov-13 12:48:40 DEBUG   WGEShader: Reloading vertex shader "WGEPostprocessorCombiner-vertex.glsl"
2013-Nov-13 12:48:40 DEBUG   WGEShader: Reloading fragment shader "WGEPostprocessorCombiner-fragment.glsl"
2013-Nov-13 12:48:40 DEBUG   WGEShader: Reloading geometry shader "WGEPostprocessorCombiner-geometry.glsl"
2013-Nov-13 12:48:40 DEBUG   WGEShader: Reloading vertex shader "WGECullProxyShader-vertex.glsl"
2013-Nov-13 12:48:40 DEBUG   WGEShader: Reloading fragment shader "WGECullProxyShader-fragment.glsl"
2013-Nov-13 12:48:40 DEBUG   WGEShader: Reloading geometry shader "WGECullProxyShader-geometry.glsl"
2013-Nov-13 12:48:40 DEBUG   WGEShader: Reloading vertex shader "WGEPostprocessor-vertex.glsl"
2013-Nov-13 12:48:40 DEBUG   WGEShader: Reloading fragment shader "WGEPostprocessor-fragment.glsl"
2013-Nov-13 12:48:40 DEBUG   WGEShader: Reloading geometry shader "WGEPostprocessor-geometry.glsl"
2013-Nov-13 12:48:40 DEBUG   KdTree: thread finished
2013-Nov-13 12:48:40 DEBUG   KdTree: thread finished
2013-Nov-13 12:48:40 DEBUG   WGEShader: Reloading vertex shader "WGEPostprocessorCombiner-vertex.glsl"
2013-Nov-13 12:48:40 DEBUG   WGEShader: Reloading fragment shader "WGEPostprocessorCombiner-fragment.glsl"
2013-Nov-13 12:48:40 DEBUG   KdTree: thread finished
2013-Nov-13 12:48:40 DEBUG   KdTree: thread finished
2013-Nov-13 12:48:40 DEBUG   KdTree: All threads finished
2013-Nov-13 12:48:40 DEBUG   WGEShader: Reloading geometry shader "WGEPostprocessorCombiner-geometry.glsl"
2013-Nov-13 12:48:40 DEBUG   WGEShader: Reloading vertex shader "WGECullProxyShader-vertex.glsl"
2013-Nov-13 12:48:40 DEBUG   WGEShader: Reloading fragment shader "WGECullProxyShader-fragment.glsl"
2013-Nov-13 12:48:40 DEBUG   Fiber Display: Color mode is 3.
2013-Nov-13 12:48:40 DEBUG   WGEShader: Reloading geometry shader "WGECullProxyShader-geometry.glsl"
2013-Nov-13 12:48:40 DEBUG   Fiber Display: Iterating over 1699 fibers.
2013-Nov-13 12:48:40 DEBUG   WGEShader: Reloading vertex shader "WGEPostprocessor-vertex.glsl"
2013-Nov-13 12:48:40 DEBUG   Fiber Display: Number of vertices: 498531
2013-Nov-13 12:48:40 DEBUG   WGEShader: Reloading fragment shader "WGEPostprocessor-fragment.glsl"
2013-Nov-13 12:48:40 DEBUG   WGEShader: Reloading geometry shader "WGEPostprocessor-geometry.glsl"
2013-Nov-13 12:48:40 DEBUG   WGEShader: Reloading vertex shader "WGEPostprocessorCombiner-vertex.glsl"
2013-Nov-13 12:48:40 DEBUG   WGEShader: Reloading fragment shader "WGEPostprocessorCombiner-fragment.glsl"
2013-Nov-13 12:48:40 DEBUG   WGEShader: Reloading geometry shader "WGEPostprocessorCombiner-geometry.glsl"
2013-Nov-13 12:48:40 DEBUG   Fiber Display: Iterating over all fibers: done!
2013-Nov-13 12:48:40 DEBUG   Fiber Display: Waiting ...
2013-Nov-13 12:48:40 DEBUG   WGEShader: Reloading vertex shader "WMFiberDisplay-vertex.glsl"
2013-Nov-13 12:48:40 DEBUG   WGEShader: Reloading fragment shader "WMFiberDisplay-fragment.glsl"
2013-Nov-13 12:48:40 DEBUG   WGEShader: Reloading geometry shader "WMFiberDisplay-geometry.glsl"
2013-Nov-13 12:48:40 DEBUG   WGEShader: Reloading vertex shader "WMFiberDisplay-EndCap-vertex.glsl"
2013-Nov-13 12:48:40 DEBUG   WGEShader: Reloading fragment shader "WMFiberDisplay-EndCap-fragment.glsl"
2013-Nov-13 12:48:40 DEBUG   WGEShader: Reloading geometry shader "WMFiberDisplay-EndCap-geometry.glsl"
2013-Nov-13 12:48:40 DEBUG   NetworkEditor: Activating "Fiber Display".
2013-Nov-13 12:48:40 DEBUG   ControlPanel: Activating module "Fiber Display".
2013-Nov-13 12:48:41 DEBUG   NetworkEditor: Connecting "Fiber Display" and "Data Module".
2013-Nov-13 12:48:41 DEBUG   ControlPanel: Activating module "Fiber Display".
2013-Nov-13 12:48:43 DEBUG   Fiber Display: Fibers updated.
2013-Nov-13 12:48:43 DEBUG   KdTree:  Start building KdTree
2013-Nov-13 12:48:43 DEBUG   KdTree: Start threads
2013-Nov-13 12:48:43 DEBUG   KdTree: All threads started
2013-Nov-13 12:48:43 DEBUG   KdTree: thread finished
2013-Nov-13 12:48:43 DEBUG   KdTree: thread finished
2013-Nov-13 12:48:43 DEBUG   KdTree: thread finished
2013-Nov-13 12:48:43 DEBUG   KdTree: thread finished
2013-Nov-13 12:48:43 DEBUG   KdTree: All threads finished
2013-Nov-13 12:48:43 DEBUG   Fiber Display: Color mode is 3.
2013-Nov-13 12:48:43 DEBUG   Fiber Display: Iterating over 1699 fibers.
2013-Nov-13 12:48:43 DEBUG   Fiber Display: Number of vertices: 498531
2013-Nov-13 12:48:43 DEBUG   Fiber Display: Iterating over all fibers: done!
2013-Nov-13 12:48:43 DEBUG   Fiber Display: Waiting ...
2013-Nov-13 12:48:43 DEBUG   WGEShader: Reloading vertex shader "WMFiberDisplay-vertex.glsl"
2013-Nov-13 12:48:43 DEBUG   WGEShader: Reloading fragment shader "WMFiberDisplay-fragment.glsl"
2013-Nov-13 12:48:43 DEBUG   WGEShader: Reloading geometry shader "WMFiberDisplay-geometry.glsl"
2013-Nov-13 12:48:43 DEBUG   WGEShader: Reloading vertex shader "WMFiberDisplay-EndCap-vertex.glsl"
2013-Nov-13 12:48:43 DEBUG   WGEShader: Reloading fragment shader "WMFiberDisplay-EndCap-fragment.glsl"
2013-Nov-13 12:48:43 DEBUG   WGEShader: Reloading geometry shader "WMFiberDisplay-EndCap-geometry.glsl"
2013-Nov-13 12:48:53 DEBUG   ControlPanel: Activating module "Fiber Coloring".
2013-Nov-13 12:48:58 DEBUG   Fiber Coloring: Start coloring
2013-Nov-13 12:48:58 DEBUG   Fiber Coloring: Finished coloring
2013-Nov-13 12:48:58 INFO    Fiber Coloring: Waiting ...
2013-Nov-13 12:49:00 DEBUG   ControlPanel: Activating module "Fiber Display".
2013-Nov-13 12:49:02 DEBUG   Fiber Display: Fibers updated.
2013-Nov-13 12:49:02 DEBUG   KdTree:  Start building KdTree
2013-Nov-13 12:49:02 DEBUG   KdTree: Start threads
2013-Nov-13 12:49:02 DEBUG   KdTree: All threads started
2013-Nov-13 12:49:02 DEBUG   KdTree: thread finished
2013-Nov-13 12:49:02 DEBUG   KdTree: thread finished
2013-Nov-13 12:49:02 DEBUG   KdTree: thread finished
2013-Nov-13 12:49:02 DEBUG   KdTree: thread finished
2013-Nov-13 12:49:02 DEBUG   KdTree: All threads finished
2013-Nov-13 12:49:02 DEBUG   Fiber Display: Color mode is 3.
2013-Nov-13 12:49:02 DEBUG   Fiber Display: Iterating over 1699 fibers.
2013-Nov-13 12:49:02 DEBUG   Fiber Display: Number of vertices: 498531
2013-Nov-13 12:49:02 DEBUG   Fiber Display: Iterating over all fibers: done!
2013-Nov-13 12:49:02 DEBUG   Fiber Display: Waiting ...
2013-Nov-13 12:49:02 DEBUG   WGEShader: Reloading vertex shader "WMFiberDisplay-vertex.glsl"
2013-Nov-13 12:49:02 DEBUG   WGEShader: Reloading fragment shader "WMFiberDisplay-fragment.glsl"
2013-Nov-13 12:49:02 DEBUG   WGEShader: Reloading geometry shader "WMFiberDisplay-geometry.glsl"
2013-Nov-13 12:49:02 DEBUG   WGEShader: Reloading vertex shader "WMFiberDisplay-EndCap-vertex.glsl"
2013-Nov-13 12:49:02 DEBUG   WGEShader: Reloading fragment shader "WMFiberDisplay-EndCap-fragment.glsl"
2013-Nov-13 12:49:02 DEBUG   WGEShader: Reloading geometry shader "WMFiberDisplay-EndCap-geometry.glsl"
2013-Nov-13 12:49:03 DEBUG   Fiber Display: Fibers updated.
2013-Nov-13 12:49:03 DEBUG   KdTree:  Start building KdTree
2013-Nov-13 12:49:03 DEBUG   KdTree: Start threads
2013-Nov-13 12:49:03 DEBUG   KdTree: All threads started
2013-Nov-13 12:49:03 DEBUG   KdTree: thread finished
2013-Nov-13 12:49:03 DEBUG   KdTree: thread finished
2013-Nov-13 12:49:03 DEBUG   KdTree: thread finished
2013-Nov-13 12:49:03 DEBUG   KdTree: thread finished
2013-Nov-13 12:49:03 DEBUG   KdTree: All threads finished
2013-Nov-13 12:49:03 DEBUG   Fiber Display: Color mode is 3.
2013-Nov-13 12:49:03 DEBUG   Fiber Display: Iterating over 1699 fibers.
2013-Nov-13 12:49:03 DEBUG   Fiber Display: Number of vertices: 498531
2013-Nov-13 12:49:03 DEBUG   Fiber Display: Iterating over all fibers: done!
2013-Nov-13 12:49:03 DEBUG   Fiber Display: Waiting ...
2013-Nov-13 12:49:03 DEBUG   WGEShader: Reloading vertex shader "WMFiberDisplay-vertex.glsl"
2013-Nov-13 12:49:03 DEBUG   WGEShader: Reloading fragment shader "WMFiberDisplay-fragment.glsl"
2013-Nov-13 12:49:03 DEBUG   WGEShader: Reloading geometry shader "WMFiberDisplay-geometry.glsl"
2013-Nov-13 12:49:03 DEBUG   WGEShader: Reloading vertex shader "WMFiberDisplay-EndCap-vertex.glsl"
2013-Nov-13 12:49:03 DEBUG   WGEShader: Reloading fragment shader "WMFiberDisplay-EndCap-fragment.glsl"
2013-Nov-13 12:49:03 DEBUG   WGEShader: Reloading geometry shader "WMFiberDisplay-EndCap-geometry.glsl"
2013-Nov-13 12:49:05 DEBUG   ControlPanel: Activating module "Fiber Coloring".
2013-Nov-13 12:49:08 DEBUG   WSimilarity Coloring: Filename: /u/math/SimilarityMatrixToColor/CC/CC.neato.positions.txt
2013-Nov-13 12:49:08 DEBUG   Fiber Coloring: Start coloring
2013-Nov-13 12:49:08 DEBUG   Fiber Coloring: Finished coloring
2013-Nov-13 12:49:08 INFO    Fiber Coloring: Waiting ...
2013-Nov-13 12:49:08 DEBUG   Fiber Coloring: Start coloring
2013-Nov-13 12:49:08 DEBUG   Fiber Coloring: Finished coloring
2013-Nov-13 12:49:08 INFO    Fiber Coloring: Waiting ...
2013-Nov-13 12:49:09 DEBUG   ControlPanel: Activating module "Fiber Display".
2013-Nov-13 12:49:11 DEBUG   Fiber Display: Fibers updated.
2013-Nov-13 12:49:11 DEBUG   KdTree:  Start building KdTree
2013-Nov-13 12:49:11 DEBUG   KdTree: Start threads
2013-Nov-13 12:49:11 DEBUG   KdTree: All threads started
2013-Nov-13 12:49:11 DEBUG   KdTree: thread finished
2013-Nov-13 12:49:11 DEBUG   KdTree: thread finished
2013-Nov-13 12:49:11 DEBUG   KdTree: thread finished
2013-Nov-13 12:49:11 DEBUG   KdTree: thread finished
2013-Nov-13 12:49:11 DEBUG   KdTree: All threads finished
2013-Nov-13 12:49:11 DEBUG   Fiber Display: Color mode is 3.
2013-Nov-13 12:49:11 DEBUG   Fiber Display: Iterating over 1699 fibers.
2013-Nov-13 12:49:11 DEBUG   Fiber Display: Number of vertices: 498531
2013-Nov-13 12:49:11 DEBUG   Fiber Display: Iterating over all fibers: done!
2013-Nov-13 12:49:11 DEBUG   Fiber Display: Waiting ...
2013-Nov-13 12:49:11 DEBUG   WGEShader: Reloading vertex shader "WMFiberDisplay-vertex.glsl"
2013-Nov-13 12:49:11 DEBUG   WGEShader: Reloading fragment shader "WMFiberDisplay-fragment.glsl"
2013-Nov-13 12:49:11 DEBUG   WGEShader: Reloading geometry shader "WMFiberDisplay-geometry.glsl"
2013-Nov-13 12:49:11 DEBUG   WGEShader: Reloading vertex shader "WMFiberDisplay-EndCap-vertex.glsl"
2013-Nov-13 12:49:11 DEBUG   WGEShader: Reloading fragment shader "WMFiberDisplay-EndCap-fragment.glsl"
2013-Nov-13 12:49:11 DEBUG   WGEShader: Reloading geometry shader "WMFiberDisplay-EndCap-geometry.glsl"
2013-Nov-13 12:49:12 DEBUG   Fiber Display: Fibers updated.
2013-Nov-13 12:49:12 DEBUG   KdTree:  Start building KdTree
2013-Nov-13 12:49:12 DEBUG   KdTree: Start threads
2013-Nov-13 12:49:12 DEBUG   KdTree: All threads started
2013-Nov-13 12:49:12 DEBUG   KdTree: thread finished
2013-Nov-13 12:49:12 DEBUG   KdTree: thread finished
2013-Nov-13 12:49:12 DEBUG   KdTree: thread finished
2013-Nov-13 12:49:12 DEBUG   KdTree: thread finished
2013-Nov-13 12:49:12 DEBUG   KdTree: All threads finished
2013-Nov-13 12:49:12 DEBUG   Fiber Display: Color mode is 3.
2013-Nov-13 12:49:12 DEBUG   Fiber Display: Iterating over 1699 fibers.
2013-Nov-13 12:49:12 DEBUG   Fiber Display: Number of vertices: 498531
2013-Nov-13 12:49:12 DEBUG   Fiber Display: Iterating over all fibers: done!
2013-Nov-13 12:49:12 DEBUG   Fiber Display: Waiting ...
2013-Nov-13 12:49:12 DEBUG   WGEShader: Reloading vertex shader "WMFiberDisplay-vertex.glsl"
2013-Nov-13 12:49:12 DEBUG   WGEShader: Reloading fragment shader "WMFiberDisplay-fragment.glsl"
2013-Nov-13 12:49:12 DEBUG   WGEShader: Reloading geometry shader "WMFiberDisplay-geometry.glsl"
2013-Nov-13 12:49:12 DEBUG   WGEShader: Reloading vertex shader "WMFiberDisplay-EndCap-vertex.glsl"
2013-Nov-13 12:49:12 DEBUG   WGEShader: Reloading fragment shader "WMFiberDisplay-EndCap-fragment.glsl"
2013-Nov-13 12:49:12 DEBUG   WGEShader: Reloading geometry shader "WMFiberDisplay-EndCap-geometry.glsl"
2013-Nov-13 12:49:19 DEBUG   WGEShader: Reloading vertex shader "WMFiberDisplay-vertex.glsl"
2013-Nov-13 12:49:19 DEBUG   WGEShader: Reloading fragment shader "WMFiberDisplay-fragment.glsl"
2013-Nov-13 12:49:19 DEBUG   WGEShader: Reloading geometry shader "WMFiberDisplay-geometry.glsl"
2013-Nov-13 12:49:19 DEBUG   WGEShader: Reloading vertex shader "WMFiberDisplay-EndCap-vertex.glsl"
2013-Nov-13 12:49:19 DEBUG   WGEShader: Reloading fragment shader "WMFiberDisplay-EndCap-fragment.glsl"
2013-Nov-13 12:49:19 DEBUG   WGEShader: Reloading geometry shader "WMFiberDisplay-EndCap-geometry.glsl"
2013-Nov-13 12:49:20 DEBUG   Fiber Display: Fibers updated.
2013-Nov-13 12:49:20 DEBUG   KdTree:  Start building KdTree
2013-Nov-13 12:49:20 DEBUG   KdTree: Start threads
2013-Nov-13 12:49:20 DEBUG   KdTree: All threads started
2013-Nov-13 12:49:20 DEBUG   KdTree: thread finished
2013-Nov-13 12:49:20 DEBUG   KdTree: thread finished
2013-Nov-13 12:49:20 DEBUG   KdTree: thread finished
2013-Nov-13 12:49:20 DEBUG   KdTree: thread finished
2013-Nov-13 12:49:20 DEBUG   KdTree: All threads finished
2013-Nov-13 12:49:20 DEBUG   Fiber Display: Color mode is 3.
2013-Nov-13 12:49:20 DEBUG   Fiber Display: Iterating over 1699 fibers.
2013-Nov-13 12:49:20 DEBUG   Fiber Display: Number of vertices: 498531
2013-Nov-13 12:49:20 DEBUG   Fiber Display: Iterating over all fibers: done!
2013-Nov-13 12:49:20 DEBUG   Fiber Display: Waiting ...
2013-Nov-13 12:49:20 DEBUG   WGEShader: Reloading vertex shader "WMFiberDisplay-vertex.glsl"
2013-Nov-13 12:49:20 DEBUG   WGEShader: Reloading fragment shader "WMFiberDisplay-fragment.glsl"
2013-Nov-13 12:49:20 DEBUG   WGEShader: Reloading geometry shader "WMFiberDisplay-geometry.glsl"
2013-Nov-13 12:49:20 DEBUG   WGEShader: Reloading vertex shader "WMFiberDisplay-EndCap-vertex.glsl"
2013-Nov-13 12:49:20 DEBUG   WGEShader: Reloading fragment shader "WMFiberDisplay-EndCap-fragment.glsl"
2013-Nov-13 12:49:20 DEBUG   WGEShader: Reloading geometry shader "WMFiberDisplay-EndCap-geometry.glsl"
2013-Nov-13 12:49:32 DEBUG   WGEShader: Reloading vertex shader "WMFiberDisplay-vertex.glsl"
2013-Nov-13 12:49:32 DEBUG   WGEShader: Reloading fragment shader "WMFiberDisplay-fragment.glsl"
2013-Nov-13 12:49:32 DEBUG   WGEShader: Reloading geometry shader "WMFiberDisplay-geometry.glsl"
2013-Nov-13 12:49:32 DEBUG   WGEShader: Reloading vertex shader "WMFiberDisplay-EndCap-vertex.glsl"
2013-Nov-13 12:49:32 DEBUG   WGEShader: Reloading fragment shader "WMFiberDisplay-EndCap-fragment.glsl"
2013-Nov-13 12:49:32 DEBUG   WGEShader: Reloading geometry shader "WMFiberDisplay-EndCap-geometry.glsl"
2013-Nov-13 12:57:35 DEBUG   ControlPanel: Activating module "Fiber Coloring".
2013-Nov-13 12:57:50 DEBUG   ControlPanel: Activating module "Fiber Coloring".
2013-Nov-13 12:57:54 DEBUG   Fiber Coloring: Start coloring
2013-Nov-13 12:57:54 DEBUG   Fiber Coloring: Finished coloring
2013-Nov-13 12:57:54 INFO    Fiber Coloring: Waiting ...
2013-Nov-13 12:58:04 DEBUG   Fiber Coloring: Start coloring
2013-Nov-13 12:58:04 DEBUG   Fiber Coloring: Finished coloring
2013-Nov-13 12:58:04 INFO    Fiber Coloring: Waiting ...
2013-Nov-13 12:58:07 DEBUG   WSimilarity Coloring: Filename: /u/math/klaus.CC.2
2013-Nov-13 12:58:07 DEBUG   Fiber Coloring: Start coloring
2013-Nov-13 12:58:07 DEBUG   Fiber Coloring: Finished coloring
2013-Nov-13 12:58:07 INFO    Fiber Coloring: Waiting ...
2013-Nov-13 12:58:07 DEBUG   Fiber Coloring: Start coloring
2013-Nov-13 12:58:07 DEBUG   Fiber Coloring: Finished coloring
2013-Nov-13 12:58:07 INFO    Fiber Coloring: Waiting ...
2013-Nov-13 12:58:08 DEBUG   ControlPanel: Activating module "Fiber Display".
2013-Nov-13 12:58:11 DEBUG   ControlPanel: Activating module "Fiber Display".
2013-Nov-13 12:58:12 DEBUG   Fiber Display: Fibers updated.
2013-Nov-13 12:58:12 DEBUG   KdTree:  Start building KdTree
2013-Nov-13 12:58:13 DEBUG   KdTree: Start threads
2013-Nov-13 12:58:13 DEBUG   KdTree: All threads started
2013-Nov-13 12:58:13 DEBUG   KdTree: thread finished
2013-Nov-13 12:58:13 DEBUG   KdTree: thread finished
2013-Nov-13 12:58:13 DEBUG   KdTree: thread finished
2013-Nov-13 12:58:13 DEBUG   KdTree: thread finished
2013-Nov-13 12:58:13 DEBUG   KdTree: All threads finished
2013-Nov-13 12:58:13 DEBUG   Fiber Display: Color mode is 3.
2013-Nov-13 12:58:13 DEBUG   Fiber Display: Iterating over 1699 fibers.
2013-Nov-13 12:58:13 DEBUG   Fiber Display: Number of vertices: 498531
2013-Nov-13 12:58:13 DEBUG   Fiber Display: Iterating over all fibers: done!
2013-Nov-13 12:58:13 DEBUG   Fiber Display: Waiting ...
2013-Nov-13 12:58:13 DEBUG   WGEShader: Reloading vertex shader "WMFiberDisplay-vertex.glsl"
2013-Nov-13 12:58:13 DEBUG   WGEShader: Reloading fragment shader "WMFiberDisplay-fragment.glsl"
2013-Nov-13 12:58:13 DEBUG   WGEShader: Reloading geometry shader "WMFiberDisplay-geometry.glsl"
2013-Nov-13 12:58:13 DEBUG   WGEShader: Reloading vertex shader "WMFiberDisplay-EndCap-vertex.glsl"
2013-Nov-13 12:58:13 DEBUG   WGEShader: Reloading fragment shader "WMFiberDisplay-EndCap-fragment.glsl"
2013-Nov-13 12:58:13 DEBUG   WGEShader: Reloading geometry shader "WMFiberDisplay-EndCap-geometry.glsl"
2013-Nov-13 12:58:15 DEBUG   Fiber Display: Fibers updated.
2013-Nov-13 12:58:15 DEBUG   KdTree:  Start building KdTree
2013-Nov-13 12:58:15 DEBUG   KdTree: Start threads
2013-Nov-13 12:58:15 DEBUG   KdTree: All threads started
2013-Nov-13 12:58:15 DEBUG   KdTree: thread finished
2013-Nov-13 12:58:15 DEBUG   KdTree: thread finished
2013-Nov-13 12:58:15 DEBUG   KdTree: thread finished
2013-Nov-13 12:58:15 DEBUG   KdTree: thread finished
2013-Nov-13 12:58:15 DEBUG   KdTree: All threads finished
2013-Nov-13 12:58:15 DEBUG   Fiber Display: Color mode is 3.
2013-Nov-13 12:58:15 DEBUG   Fiber Display: Iterating over 1699 fibers.
2013-Nov-13 12:58:15 DEBUG   Fiber Display: Number of vertices: 498531
2013-Nov-13 12:58:15 DEBUG   Fiber Display: Iterating over all fibers: done!
2013-Nov-13 12:58:15 DEBUG   Fiber Display: Waiting ...
2013-Nov-13 12:58:15 DEBUG   WGEShader: Reloading vertex shader "WMFiberDisplay-vertex.glsl"
2013-Nov-13 12:58:15 DEBUG   WGEShader: Reloading fragment shader "WMFiberDisplay-fragment.glsl"
2013-Nov-13 12:58:15 DEBUG   WGEShader: Reloading geometry shader "WMFiberDisplay-geometry.glsl"
2013-Nov-13 12:58:15 DEBUG   WGEShader: Reloading vertex shader "WMFiberDisplay-EndCap-vertex.glsl"
2013-Nov-13 12:58:15 DEBUG   WGEShader: Reloading fragment shader "WMFiberDisplay-EndCap-fragment.glsl"
2013-Nov-13 12:58:15 DEBUG   WGEShader: Reloading geometry shader "WMFiberDisplay-EndCap-geometry.glsl"
2013-Nov-13 14:04:43 INFO    MainWindow: Saving window state.
2013-Nov-13 14:04:43 INFO    Kernel: Stopping Kernel
2013-Nov-13 14:04:43 INFO    ModuleContainer (KernelRootContainer): Stopping pending threads.
2013-Nov-13 14:04:43 INFO    ModuleContainer (KernelRootContainer): Stopping modules.
2013-Nov-13 14:04:43 INFO    ModuleContainer (KernelRootContainer): Waiting for module "Fiber Display" to finish.
2013-Nov-13 14:04:43 INFO    ModuleContainer (KernelRootContainer): Disconnecting Data Module:out from Fiber Display:fibers
2013-Nov-13 14:04:43 INFO    ModuleContainer (KernelRootContainer): Waiting for module "Data Module" to finish.
2013-Nov-13 14:04:43 INFO    ModuleContainer (KernelRootContainer): Disconnecting Fiber Coloring:fibers from Data Module:out
2013-Nov-13 14:04:43 INFO    ModuleContainer (KernelRootContainer): Waiting for module "Data Module" to finish.
2013-Nov-13 14:04:43 INFO    Fiber Coloring: Waiting ...
2013-Nov-13 14:04:43 INFO    ModuleContainer (KernelRootContainer): Waiting for module "Fiber Coloring" to finish.
2013-Nov-13 14:04:43 INFO    Kernel: Stopping Data Handler
2013-Nov-13 14:04:43 INFO    Data Handler: Removing all subjects.
2013-Nov-13 14:04:43 DEBUG   Data Handler: Removing subject "0".
2013-Nov-13 14:04:43 DEBUG   NetworkEditor: Disconnecting "Fiber Display:fibers" and "Data Module:out".
2013-Nov-13 14:04:43 DEBUG   NetworkEditor: Disconnecting "Fiber Coloring:fibers" and "Data Module:out".
2013-Nov-13 14:04:44 INFO    Kernel: Shutting down Kernel
2013-Nov-13 14:04:44 INFO    GE: Stopping Graphics Engine
